2022-05-19 01:05:359 INFO  ManageDriver :30 - Launching Chrome Browser
2022-05-19 01:05:166 INFO  ManageDriver :30 - Launching Chrome Browser
2022-05-19 01:05:765 INFO  HomePage :36 - mouse hover on buy+sell tab[[ChromeDriver: chrome on WINDOWS (7446fa65843635b41252a653beb6a2bd)] -> xpath: //a[normalize-space()='buy + sell']]
2022-05-19 01:05:974 INFO  HomePage :41 - clicking on search cars link [[ChromeDriver: chrome on WINDOWS (7446fa65843635b41252a653beb6a2bd)] -> xpath: //a[normalize-space()='Search Cars']]
2022-05-19 01:05:396 INFO  ManageDriver :30 - Launching Chrome Browser
2022-05-19 01:05:568 INFO  ManageDriver :30 - Launching Chrome Browser
2022-05-19 01:05:160 INFO  HomePage :36 - mouse hover on buy+sell tab[[ChromeDriver: chrome on WINDOWS (9161483a03bf88fa5a0ac1ade66af029)] -> xpath: //a[normalize-space()='buy + sell']]
2022-05-19 01:05:744 INFO  HomePage :41 - clicking on search cars link [[ChromeDriver: chrome on WINDOWS (9161483a03bf88fa5a0ac1ade66af029)] -> xpath: //a[normalize-space()='Search Cars']]
2022-05-19 01:05:836 INFO  NewAndUsedCarSearchPage :52 -  get title text of New and used car search pageNew & Used Car Search - carsguide
2022-05-19 01:05:878 INFO  NewAndUsedCarSearchPage :57 - select make ' Ford ' <br>
2022-05-19 01:05:343 INFO  NewAndUsedCarSearchPage :62 -  select model ' Focus ' <br>
2022-05-19 01:05:534 INFO  NewAndUsedCarSearchPage :67 - select location ' NSW - New England ' <br>
2022-05-19 01:05:748 INFO  NewAndUsedCarSearchPage :72 - select price ' $70,000 ' <br>
2022-05-19 01:05:281 INFO  NewAndUsedCarSearchPage :77 -  clicking on find my next car tab 
2022-05-19 01:05:865 INFO  NewAndUsedCarSearchPage :83 -  get search text from product 24 Ford Focus for Sale under $70,000 in New England, NSW
2022-05-19 01:05:390 INFO  ManageDriver :30 - Launching Chrome Browser
2022-05-19 01:05:559 INFO  ManageDriver :30 - Launching Chrome Browser
2022-05-19 01:05:573 INFO  ManageDriver :30 - Launching Chrome Browser
2022-05-19 01:05:728 INFO  ManageDriver :30 - Launching Chrome Browser
2022-05-19 01:05:586 INFO  HomePage :36 - mouse hover on buy+sell tab[[ChromeDriver: chrome on WINDOWS (6bc516f01b8aa8c0fc19fde361458337)] -> xpath: //a[normalize-space()='buy + sell']]
2022-05-19 01:05:847 INFO  HomePage :46 - clicking on used link [[ChromeDriver: chrome on WINDOWS (6bc516f01b8aa8c0fc19fde361458337)] -> xpath: //a[normalize-space()='Used']]
2022-05-19 01:05:892 INFO  ManageDriver :30 - Launching Chrome Browser
2022-05-19 01:05:38 INFO  ManageDriver :30 - Launching Chrome Browser
2022-05-19 01:05:299 INFO  ManageDriver :30 - Launching Chrome Browser
2022-05-19 01:05:859 INFO  HomePage :36 - mouse hover on buy+sell tab[[ChromeDriver: chrome on WINDOWS (d59b6a29ca027762fa3a4f0876f3e433)] -> xpath: //a[normalize-space()='buy + sell']]
2022-05-19 01:05:610 INFO  HomePage :46 - clicking on used link [[ChromeDriver: chrome on WINDOWS (d59b6a29ca027762fa3a4f0876f3e433)] -> xpath: //a[normalize-space()='Used']]
2022-05-19 01:05:220 INFO  ManageDriver :30 - Launching Chrome Browser
2022-05-19 01:05:508 INFO  HomePage :36 - mouse hover on buy+sell tab[[ChromeDriver: chrome on WINDOWS (f44e843bfe16b07c58f8f1696679df94)] -> xpath: //a[normalize-space()='buy + sell']]
2022-05-19 01:05:285 INFO  HomePage :46 - clicking on used link [[ChromeDriver: chrome on WINDOWS (f44e843bfe16b07c58f8f1696679df94)] -> xpath: //a[normalize-space()='Used']]
2022-05-19 04:05:177 INFO  ManageDriver :30 - Launching Chrome Browser
2022-05-19 04:05:328 INFO  ManageDriver :30 - Launching Chrome Browser
2022-05-19 04:05:57 INFO  HomePage :37 - Hover mouse over Buy + Sell Tab[[ChromeDriver: chrome on WINDOWS (98937ae0189876823551973311e4f8f8)] -> xpath: //a[contains(text(),'buy + sell')]]
2022-05-19 04:05:300 INFO  ManageDriver :30 - Launching Chrome Browser
2022-05-19 04:05:365 INFO  HomePage :37 - Hover mouse over Buy + Sell Tab[[ChromeDriver: chrome on WINDOWS (d44989eda54c450dd0fd0585b5b85d1a)] -> xpath: //a[contains(text(),'buy + sell')]]
2022-05-19 04:05:928 INFO  ManageDriver :30 - Launching Chrome Browser
2022-05-19 04:05:417 INFO  HomePage :37 - Hover mouse over Buy + Sell Tab[[ChromeDriver: chrome on WINDOWS (ee02aecd8d3eb313b8b18985cbb1d040)] -> xpath: //a[contains(text(),'buy + sell')]]
2022-05-19 04:05:702 INFO  ManageDriver :30 - Launching Chrome Browser
2022-05-19 04:05:661 INFO  HomePage :37 - Hover mouse over Buy + Sell Tab[[ChromeDriver: chrome on WINDOWS (1d1f716323d2c7e2dc28e7ff6e481714)] -> xpath: //a[contains(text(),'buy + sell')]]
2022-05-19 04:05:400 INFO  ManageDriver :30 - Launching Chrome Browser
2022-05-19 04:05:517 INFO  HomePage :37 - Hover mouse over Buy + Sell Tab[[ChromeDriver: chrome on WINDOWS (486056c4d5b8f4f9e0475a354897c62e)] -> xpath: //a[contains(text(),'buy + sell')]]
2022-05-19 04:05:909 INFO  ManageDriver :30 - Launching Chrome Browser
2022-05-19 04:05:272 INFO  HomePage :37 - Hover mouse over Buy + Sell Tab[[ChromeDriver: chrome on WINDOWS (de1c4a47ebc157add4bcb1e7ef42a013)] -> xpath: //a[contains(text(),'buy + sell')]]
2022-05-19 04:05:199 INFO  ManageDriver :30 - Launching Chrome Browser
2022-05-19 04:05:936 INFO  HomePage :37 - Hover mouse over Buy + Sell Tab[[ChromeDriver: chrome on WINDOWS (1f28a3ff04352449bcbed4af48acdccc)] -> xpath: //a[contains(text(),'buy + sell')]]
2022-05-19 04:05:180 INFO  ManageDriver :30 - Launching Chrome Browser
2022-05-19 04:05:362 INFO  HomePage :37 - Hover mouse over Buy + Sell Tab[[ChromeDriver: chrome on WINDOWS (3c1cba84dd2f6525a79ff55d57d9875a)] -> xpath: //a[contains(text(),'buy + sell')]]
2022-05-19 04:05:103 INFO  ManageDriver :30 - Launching Chrome Browser
2022-05-19 04:05:862 INFO  ManageDriver :30 - Launching Chrome Browser
2022-05-19 04:05:923 INFO  HomePage :37 - Hover mouse over Buy + Sell Tab[[ChromeDriver: chrome on WINDOWS (6faffa2de09b1bdbf8c855e5c280d292)] -> xpath: //a[contains(text(),'buy + sell')]]
2022-05-19 04:05:503 INFO  ManageDriver :30 - Launching Chrome Browser
2022-05-19 04:05:195 INFO  HomePage :37 - Hover mouse over Buy + Sell Tab[[ChromeDriver: chrome on WINDOWS (a71226f26353ac57883356b89d8890de)] -> xpath: //a[contains(text(),'buy + sell')]]
2022-05-19 05:05:669 INFO  ManageDriver :30 - Launching Chrome Browser
2022-05-19 05:05:529 INFO  ManageDriver :30 - Launching Chrome Browser
2022-05-19 05:05:801 INFO  ManageDriver :30 - Launching Chrome Browser
2022-05-19 05:05:94 INFO  HomePage :37 - Hover mouse over Buy + Sell Tab[[ChromeDriver: chrome on WINDOWS (9a2142739fc92462501bbaa8d31e3ed7)] -> xpath: //a[contains(text(),'buy + sell')]]
2022-05-19 05:05:380 INFO  HomePage :42 - Click on the 'Search Cars' link [[ChromeDriver: chrome on WINDOWS (9a2142739fc92462501bbaa8d31e3ed7)] -> xpath: //a[contains(text(),'Search Cars')]]
2022-05-19 05:05:191 INFO  NewAndUsedCarSearchPage :52 -  get title text of New and used car search pageNew & Used Car Search - carsguide
2022-05-19 05:05:238 INFO  NewAndUsedCarSearchPage :57 - select make ' Mercedes-Benz ' <br>
2022-05-19 05:05:629 INFO  NewAndUsedCarSearchPage :62 -  select model ' A-Class ' <br>
2022-05-19 05:05:803 INFO  NewAndUsedCarSearchPage :67 - select location ' NSW - All ' <br>
2022-05-19 05:05:960 INFO  NewAndUsedCarSearchPage :72 - select price ' $150,000 ' <br>
2022-05-19 05:05:181 INFO  NewAndUsedCarSearchPage :77 -  clicking on find my next car tab 
2022-05-19 05:05:107 INFO  NewAndUsedCarSearchPage :83 -  get search text from product 91 Mercedes-Benz A-Class for Sale under $150,000 in NSW
2022-05-19 05:05:857 INFO  ManageDriver :30 - Launching Chrome Browser
2022-05-19 05:05:180 INFO  HomePage :37 - Hover mouse over Buy + Sell Tab[[ChromeDriver: chrome on WINDOWS (7a411430919ca0936c7c9612dc6bc2b4)] -> xpath: //a[contains(text(),'buy + sell')]]
2022-05-19 05:05:419 INFO  HomePage :42 - Click on the 'Search Cars' link [[ChromeDriver: chrome on WINDOWS (7a411430919ca0936c7c9612dc6bc2b4)] -> xpath: //a[contains(text(),'Search Cars')]]
2022-05-19 05:05:830 INFO  ManageDriver :30 - Launching Chrome Browser
2022-05-19 05:05:174 INFO  HomePage :37 - Hover mouse over Buy + Sell Tab[[ChromeDriver: chrome on WINDOWS (50d7247c0da6dfb9ea2252725157142f)] -> xpath: //a[contains(text(),'buy + sell')]]
2022-05-19 05:05:596 INFO  HomePage :42 - Click on the 'Search Cars' link [[ChromeDriver: chrome on WINDOWS (50d7247c0da6dfb9ea2252725157142f)] -> xpath: //a[contains(text(),'Search Cars')]]
2022-05-19 05:05:606 INFO  NewAndUsedCarSearchPage :52 -  get title text of New and used car search pageNew & Used Car Search - carsguide
2022-05-19 05:05:643 INFO  NewAndUsedCarSearchPage :57 - select make ' Hyundai ' <br>
2022-05-19 05:05:983 INFO  NewAndUsedCarSearchPage :62 -  select model ' Elantra ' <br>
2022-05-19 05:05:220 INFO  NewAndUsedCarSearchPage :67 - select location ' NT - North ' <br>
2022-05-19 05:05:478 INFO  NewAndUsedCarSearchPage :72 - select price ' $80,000 ' <br>
2022-05-19 05:05:924 INFO  NewAndUsedCarSearchPage :77 -  clicking on find my next car tab 
2022-05-19 05:05:720 INFO  ManageDriver :30 - Launching Chrome Browser
2022-05-19 05:05:911 INFO  HomePage :37 - Hover mouse over Buy + Sell Tab[[ChromeDriver: chrome on WINDOWS (940248dc946df9f0bc757a7d04d888a4)] -> xpath: //a[contains(text(),'buy + sell')]]
2022-05-19 05:05:144 INFO  HomePage :42 - Click on the 'Search Cars' link [[ChromeDriver: chrome on WINDOWS (940248dc946df9f0bc757a7d04d888a4)] -> xpath: //a[contains(text(),'Search Cars')]]
2022-05-19 05:05:820 INFO  NewAndUsedCarSearchPage :52 -  get title text of New and used car search pageNew & Used Car Search - carsguide
2022-05-19 05:05:912 INFO  NewAndUsedCarSearchPage :57 - select make ' Honda ' <br>
2022-05-19 05:05:232 INFO  NewAndUsedCarSearchPage :62 -  select model ' City ' <br>
2022-05-19 05:05:452 INFO  NewAndUsedCarSearchPage :67 - select location ' NSW - Central Coast ' <br>
2022-05-19 05:05:626 INFO  NewAndUsedCarSearchPage :72 - select price ' $90,000 ' <br>
2022-05-19 05:05:851 INFO  NewAndUsedCarSearchPage :77 -  clicking on find my next car tab 
2022-05-19 05:05:874 INFO  NewAndUsedCarSearchPage :83 -  get search text from product 1 Honda City for Sale under $90,000 in Central Coast, NSW
2022-05-19 05:05:499 INFO  ManageDriver :30 - Launching Chrome Browser
2022-05-19 05:05:172 INFO  HomePage :37 - Hover mouse over Buy + Sell Tab[[ChromeDriver: chrome on WINDOWS (2ac6e9f882813f58aa8acf71976823c7)] -> xpath: //a[contains(text(),'buy + sell')]]
2022-05-19 05:05:511 INFO  HomePage :47 - Click on the 'Used' link [[ChromeDriver: chrome on WINDOWS (2ac6e9f882813f58aa8acf71976823c7)] -> xpath: //header/div[@id='u_H']/div[1]/div[1]/ul[1]/li[1]/div[1]/div[1]/div[1]/ul[1]/li[2]/a[1]]
2022-05-19 05:05:859 INFO  UsedCarsForSalePage :27 - get title text of used cars for sale page Used Cars For Sale
2022-05-19 05:05:11 INFO  NewAndUsedCarSearchPage :57 - select make ' Jeep ' <br>
2022-05-19 05:05:249 INFO  NewAndUsedCarSearchPage :62 -  select model ' Compass ' <br>
2022-05-19 05:05:473 INFO  NewAndUsedCarSearchPage :67 - select location ' NSW - New England ' <br>
2022-05-19 05:05:648 INFO  NewAndUsedCarSearchPage :72 - select price ' $80,000 ' <br>
2022-05-19 05:05:881 INFO  NewAndUsedCarSearchPage :77 -  clicking on find my next car tab 
2022-05-19 05:05:119 INFO  ManageDriver :30 - Launching Chrome Browser
2022-05-19 05:05:814 INFO  HomePage :37 - Hover mouse over Buy + Sell Tab[[ChromeDriver: chrome on WINDOWS (e0c140edb7e17cb4cf7c17cf2f48e28b)] -> xpath: //a[contains(text(),'buy + sell')]]
2022-05-19 05:05:268 INFO  HomePage :47 - Click on the 'Used' link [[ChromeDriver: chrome on WINDOWS (e0c140edb7e17cb4cf7c17cf2f48e28b)] -> xpath: //header/div[@id='u_H']/div[1]/div[1]/ul[1]/li[1]/div[1]/div[1]/div[1]/ul[1]/li[2]/a[1]]
2022-05-19 05:05:388 INFO  ManageDriver :30 - Launching Chrome Browser
2022-05-19 05:05:230 INFO  HomePage :37 - Hover mouse over Buy + Sell Tab[[ChromeDriver: chrome on WINDOWS (05554501d003d4f7ef825f75eda29ebf)] -> xpath: //a[contains(text(),'buy + sell')]]
2022-05-19 05:05:828 INFO  HomePage :47 - Click on the 'Used' link [[ChromeDriver: chrome on WINDOWS (05554501d003d4f7ef825f75eda29ebf)] -> xpath: //header/div[@id='u_H']/div[1]/div[1]/ul[1]/li[1]/div[1]/div[1]/div[1]/ul[1]/li[2]/a[1]]
2022-05-19 05:05:742 INFO  UsedCarsForSalePage :27 - get title text of used cars for sale page Used Cars For Sale
2022-05-19 05:05:777 INFO  NewAndUsedCarSearchPage :57 - select make ' Volkswagen ' <br>
2022-05-19 05:05:08 INFO  NewAndUsedCarSearchPage :62 -  select model ' Tiguan ' <br>
2022-05-19 05:05:221 INFO  NewAndUsedCarSearchPage :67 - select location ' ACT - All ' <br>
2022-05-19 05:05:412 INFO  NewAndUsedCarSearchPage :72 - select price ' $50,000 ' <br>
2022-05-19 05:05:657 INFO  NewAndUsedCarSearchPage :77 -  clicking on find my next car tab 
2022-05-19 05:05:422 INFO  NewAndUsedCarSearchPage :83 -  get search text from product 11 Used Volkswagen Tiguans for Sale under $50,000 in ACT
2022-05-19 05:05:124 INFO  ManageDriver :30 - Launching Chrome Browser
2022-05-19 05:05:984 INFO  HomePage :37 - Hover mouse over Buy + Sell Tab[[ChromeDriver: chrome on WINDOWS (deb3e437628d814cac35f2e83524f90d)] -> xpath: //a[contains(text(),'buy + sell')]]
2022-05-19 05:05:263 INFO  HomePage :47 - Click on the 'Used' link [[ChromeDriver: chrome on WINDOWS (deb3e437628d814cac35f2e83524f90d)] -> xpath: //header/div[@id='u_H']/div[1]/div[1]/ul[1]/li[1]/div[1]/div[1]/div[1]/ul[1]/li[2]/a[1]]
2022-05-19 05:05:47 INFO  UsedCarsForSalePage :27 - get title text of used cars for sale page Used Cars For Sale
2022-05-19 05:05:161 INFO  NewAndUsedCarSearchPage :57 - select make ' Mercedes-Benz ' <br>
2022-05-19 05:05:399 INFO  NewAndUsedCarSearchPage :62 -  select model ' A-Class ' <br>
2022-05-19 05:05:648 INFO  NewAndUsedCarSearchPage :67 - select location ' NSW - All ' <br>
2022-05-19 05:05:801 INFO  NewAndUsedCarSearchPage :72 - select price ' $100,000 ' <br>
2022-05-19 05:05:156 INFO  NewAndUsedCarSearchPage :77 -  clicking on find my next car tab 
2022-05-19 05:05:694 INFO  NewAndUsedCarSearchPage :83 -  get search text from product 72 Used Mercedes-Benz A-Class for Sale under $100,000 in NSW
2022-05-19 05:05:639 INFO  ManageDriver :30 - Launching Chrome Browser
2022-05-19 05:05:89 INFO  HomePage :37 - Hover mouse over Buy + Sell Tab[[ChromeDriver: chrome on WINDOWS (659dffeb2ea6388bf7fb9df25b7c77c7)] -> xpath: //a[contains(text(),'buy + sell')]]
2022-05-19 05:05:307 INFO  HomePage :47 - Click on the 'Used' link [[ChromeDriver: chrome on WINDOWS (659dffeb2ea6388bf7fb9df25b7c77c7)] -> xpath: //header/div[@id='u_H']/div[1]/div[1]/ul[1]/li[1]/div[1]/div[1]/div[1]/ul[1]/li[2]/a[1]]
2022-05-19 05:05:818 INFO  ManageDriver :30 - Launching Chrome Browser
2022-05-19 05:05:745 INFO  HomePage :37 - Hover mouse over Buy + Sell Tab[[ChromeDriver: chrome on WINDOWS (c4871af22f9e0070d4d1d20656eb835a)] -> xpath: //a[contains(text(),'buy + sell')]]
2022-05-19 05:05:956 INFO  HomePage :47 - Click on the 'Used' link [[ChromeDriver: chrome on WINDOWS (c4871af22f9e0070d4d1d20656eb835a)] -> xpath: //header/div[@id='u_H']/div[1]/div[1]/ul[1]/li[1]/div[1]/div[1]/div[1]/ul[1]/li[2]/a[1]]
2022-05-19 05:05:732 INFO  UsedCarsForSalePage :27 - get title text of used cars for sale page Used Cars For Sale
2022-05-19 05:05:809 INFO  NewAndUsedCarSearchPage :57 - select make ' Kia ' <br>
2022-05-19 05:05:227 INFO  NewAndUsedCarSearchPage :62 -  select model ' Any Model ' <br>
2022-05-19 05:05:365 INFO  NewAndUsedCarSearchPage :67 - select location ' ACT - All ' <br>
2022-05-19 05:05:625 INFO  NewAndUsedCarSearchPage :72 - select price ' $100,000 ' <br>
2022-05-19 05:05:930 INFO  NewAndUsedCarSearchPage :77 -  clicking on find my next car tab 
2022-05-19 05:05:296 INFO  NewAndUsedCarSearchPage :83 -  get search text from product 42 Used Kias for Sale under $100,000 in ACT
2022-05-19 05:05:246 INFO  ManageDriver :30 - Launching Chrome Browser
2022-05-19 05:05:656 INFO  HomePage :37 - Hover mouse over Buy + Sell Tab[[ChromeDriver: chrome on WINDOWS (da7d6c96ae71336eb415c257f339fa33)] -> xpath: //a[contains(text(),'buy + sell')]]
2022-05-19 05:05:842 INFO  HomePage :42 - Click on the 'Search Cars' link [[ChromeDriver: chrome on WINDOWS (da7d6c96ae71336eb415c257f339fa33)] -> xpath: //a[contains(text(),'Search Cars')]]
2022-05-19 05:05:421 INFO  NewAndUsedCarSearchPage :52 -  get title text of New and used car search pageNew & Used Car Search - carsguide
2022-05-19 05:05:464 INFO  NewAndUsedCarSearchPage :57 - select make ' Land Rover ' <br>
2022-05-19 05:05:809 INFO  NewAndUsedCarSearchPage :62 -  select model ' Range Rover Sport ' <br>
2022-05-19 05:05:98 INFO  NewAndUsedCarSearchPage :67 - select location ' QLD - Brisbane ' <br>
2022-05-19 05:05:334 INFO  NewAndUsedCarSearchPage :72 - select price ' $100,000 ' <br>
2022-05-19 05:05:603 INFO  NewAndUsedCarSearchPage :77 -  clicking on find my next car tab 
2022-05-19 05:05:475 INFO  ManageDriver :30 - Launching Chrome Browser
2022-05-19 05:05:624 INFO  HomePage :37 - Hover mouse over Buy + Sell Tab[[ChromeDriver: chrome on WINDOWS (9b5901a6010fc773192a24a4770b6e6e)] -> xpath: //a[contains(text(),'buy + sell')]]
2022-05-19 05:05:783 INFO  HomePage :42 - Click on the 'Search Cars' link [[ChromeDriver: chrome on WINDOWS (9b5901a6010fc773192a24a4770b6e6e)] -> xpath: //a[contains(text(),'Search Cars')]]
2022-05-19 05:05:615 INFO  ManageDriver :30 - Launching Chrome Browser
2022-05-19 05:05:274 INFO  HomePage :37 - Hover mouse over Buy + Sell Tab[[ChromeDriver: chrome on WINDOWS (329b42820b64654a2b4f6cdd3ba88bce)] -> xpath: //a[contains(text(),'buy + sell')]]
2022-05-19 05:05:442 INFO  HomePage :42 - Click on the 'Search Cars' link [[ChromeDriver: chrome on WINDOWS (329b42820b64654a2b4f6cdd3ba88bce)] -> xpath: //a[contains(text(),'Search Cars')]]
2022-05-19 05:05:390 INFO  ManageDriver :30 - Launching Chrome Browser
2022-05-19 05:05:76 INFO  ManageDriver :30 - Launching Chrome Browser
2022-05-19 05:05:678 INFO  HomePage :37 - Hover mouse over Buy + Sell Tab[[ChromeDriver: chrome on WINDOWS (e696877c4be2574998b6a23300425847)] -> xpath: //a[contains(text(),'buy + sell')]]
2022-05-19 05:05:859 INFO  HomePage :42 - Click on the 'Search Cars' link [[ChromeDriver: chrome on WINDOWS (e696877c4be2574998b6a23300425847)] -> xpath: //a[contains(text(),'Search Cars')]]
2022-05-19 05:05:136 INFO  ManageDriver :30 - Launching Chrome Browser
2022-05-19 05:05:366 INFO  ManageDriver :30 - Launching Chrome Browser
2022-05-19 05:05:92 INFO  HomePage :37 - Hover mouse over Buy + Sell Tab[[ChromeDriver: chrome on WINDOWS (c8ca3a3c62048f7f28befb205ea83b54)] -> xpath: //a[contains(text(),'buy + sell')]]
2022-05-19 05:05:270 INFO  HomePage :47 - Click on the 'Used' link [[ChromeDriver: chrome on WINDOWS (c8ca3a3c62048f7f28befb205ea83b54)] -> xpath: //header/div[@id='u_H']/div[1]/div[1]/ul[1]/li[1]/div[1]/div[1]/div[1]/ul[1]/li[2]/a[1]]
2022-05-19 05:05:322 INFO  NewAndUsedCarSearchPage :57 - select make ' Jeep ' <br>
2022-05-19 05:05:541 INFO  NewAndUsedCarSearchPage :62 -  select model ' Compass ' <br>
2022-05-19 05:05:874 INFO  NewAndUsedCarSearchPage :67 - select location ' NSW - New England ' <br>
2022-05-19 05:05:164 INFO  NewAndUsedCarSearchPage :72 - select price ' $80,000 ' <br>
2022-05-19 05:05:414 INFO  NewAndUsedCarSearchPage :77 -  clicking on find my next car tab 
2022-05-19 05:05:546 INFO  ManageDriver :30 - Launching Chrome Browser
2022-05-19 05:05:121 INFO  ManageDriver :30 - Launching Chrome Browser
2022-05-19 05:05:592 INFO  HomePage :37 - Hover mouse over Buy + Sell Tab[[ChromeDriver: chrome on WINDOWS (46ebce96fbe8b1b808dcac85307bd019)] -> xpath: //a[contains(text(),'buy + sell')]]
2022-05-19 05:05:789 INFO  HomePage :47 - Click on the 'Used' link [[ChromeDriver: chrome on WINDOWS (46ebce96fbe8b1b808dcac85307bd019)] -> xpath: //header/div[@id='u_H']/div[1]/div[1]/ul[1]/li[1]/div[1]/div[1]/div[1]/ul[1]/li[2]/a[1]]
2022-05-19 05:05:695 INFO  NewAndUsedCarSearchPage :57 - select make ' Volkswagen ' <br>
2022-05-19 05:05:600 INFO  NewAndUsedCarSearchPage :62 -  select model ' Tiguan ' <br>
2022-05-19 05:05:841 INFO  NewAndUsedCarSearchPage :67 - select location ' ACT - All ' <br>
2022-05-19 05:05:990 INFO  NewAndUsedCarSearchPage :72 - select price ' $50,000 ' <br>
2022-05-19 05:05:183 INFO  NewAndUsedCarSearchPage :77 -  clicking on find my next car tab 
2022-05-19 05:05:400 INFO  ManageDriver :30 - Launching Chrome Browser
2022-05-19 05:05:133 INFO  HomePage :37 - Hover mouse over Buy + Sell Tab[[ChromeDriver: chrome on WINDOWS (0d2ac27ae7eff4b55b1ecc19b77be4ec)] -> xpath: //a[contains(text(),'buy + sell')]]
2022-05-19 05:05:299 INFO  HomePage :47 - Click on the 'Used' link [[ChromeDriver: chrome on WINDOWS (0d2ac27ae7eff4b55b1ecc19b77be4ec)] -> xpath: //header/div[@id='u_H']/div[1]/div[1]/ul[1]/li[1]/div[1]/div[1]/div[1]/ul[1]/li[2]/a[1]]
2022-05-19 05:05:753 INFO  NewAndUsedCarSearchPage :57 - select make ' Mercedes-Benz ' <br>
2022-05-19 05:05:303 INFO  NewAndUsedCarSearchPage :62 -  select model ' A-Class ' <br>
2022-05-19 05:05:569 INFO  NewAndUsedCarSearchPage :67 - select location ' NSW - All ' <br>
2022-05-19 05:05:711 INFO  NewAndUsedCarSearchPage :72 - select price ' $100,000 ' <br>
2022-05-19 05:05:911 INFO  NewAndUsedCarSearchPage :77 -  clicking on find my next car tab 
2022-05-19 05:05:910 INFO  ManageDriver :30 - Launching Chrome Browser
2022-05-19 05:05:24 INFO  ManageDriver :30 - Launching Chrome Browser
2022-05-19 05:05:606 INFO  HomePage :37 - Hover mouse over Buy + Sell Tab[[ChromeDriver: chrome on WINDOWS (793aa9339a3387a7adf107f2c6ce43ba)] -> xpath: //a[contains(text(),'buy + sell')]]
2022-05-19 05:05:760 INFO  HomePage :47 - Click on the 'Used' link [[ChromeDriver: chrome on WINDOWS (793aa9339a3387a7adf107f2c6ce43ba)] -> xpath: //header/div[@id='u_H']/div[1]/div[1]/ul[1]/li[1]/div[1]/div[1]/div[1]/ul[1]/li[2]/a[1]]
2022-05-19 05:05:347 INFO  NewAndUsedCarSearchPage :57 - select make ' Kia ' <br>
2022-05-19 05:05:599 INFO  ManageDriver :30 - Launching Chrome Browser
2022-05-19 05:05:333 INFO  ManageDriver :30 - Launching Chrome Browser
2022-05-19 09:05:722 INFO  ManageDriver :30 - Launching Chrome Browser
2022-05-19 09:05:549 INFO  HomePage :37 - Hover mouse over Buy + Sell Tab[[ChromeDriver: chrome on WINDOWS (796c7c883b5a6fbfa5979e8f267d95d3)] -> xpath: //a[contains(text(),'buy + sell')]]
2022-05-19 09:05:823 INFO  HomePage :42 - Click on the 'Search Cars' link [[ChromeDriver: chrome on WINDOWS (796c7c883b5a6fbfa5979e8f267d95d3)] -> xpath: //a[contains(text(),'Search Cars')]]
2022-05-19 09:05:880 INFO  NewAndUsedCarSearchPage :52 -  get title text of New and used car search pageNew & Used Car Search - carsguide
2022-05-19 09:05:916 INFO  NewAndUsedCarSearchPage :57 - select make ' Land Rover ' <br>
2022-05-19 09:05:124 INFO  NewAndUsedCarSearchPage :62 -  select model ' Range Rover Sport ' <br>
2022-05-19 09:05:575 INFO  NewAndUsedCarSearchPage :67 - select location ' QLD - Brisbane ' <br>
2022-05-19 09:05:802 INFO  NewAndUsedCarSearchPage :72 - select price ' $100,000 ' <br>
2022-05-19 09:05:109 INFO  NewAndUsedCarSearchPage :77 -  clicking on find my next car tab 
2022-05-19 09:05:847 INFO  NewAndUsedCarSearchPage :83 -  get search text from product 12 Land Rover Range Rover Sports for Sale under $100,000 in Brisbane, QLD
2022-05-19 09:05:57 INFO  NewAndUsedCarSearchPage :83 -  get search text from product 12 Land Rover Range Rover Sports for Sale under $100,000 in Brisbane, QLD
2022-05-19 09:05:69 INFO  ManageDriver :30 - Launching Chrome Browser
2022-05-19 09:05:821 INFO  HomePage :37 - Hover mouse over Buy + Sell Tab[[ChromeDriver: chrome on WINDOWS (90e30f399e7a321df6bca2a2823a81f7)] -> xpath: //a[contains(text(),'buy + sell')]]
2022-05-19 09:05:213 INFO  HomePage :42 - Click on the 'Search Cars' link [[ChromeDriver: chrome on WINDOWS (90e30f399e7a321df6bca2a2823a81f7)] -> xpath: //a[contains(text(),'Search Cars')]]
2022-05-19 09:05:449 INFO  ManageDriver :30 - Launching Chrome Browser
2022-05-19 09:05:391 INFO  HomePage :37 - Hover mouse over Buy + Sell Tab[[ChromeDriver: chrome on WINDOWS (769aa330c4693b04745c530a7b698efd)] -> xpath: //a[contains(text(),'buy + sell')]]
2022-05-19 09:05:586 INFO  HomePage :42 - Click on the 'Search Cars' link [[ChromeDriver: chrome on WINDOWS (769aa330c4693b04745c530a7b698efd)] -> xpath: //a[contains(text(),'Search Cars')]]
2022-05-19 09:05:634 INFO  NewAndUsedCarSearchPage :52 -  get title text of New and used car search pageNew & Used Car Search - carsguide
2022-05-19 09:05:669 INFO  NewAndUsedCarSearchPage :57 - select make ' Mercedes-Benz ' <br>
2022-05-19 09:05:914 INFO  NewAndUsedCarSearchPage :62 -  select model ' A-Class ' <br>
2022-05-19 09:05:503 INFO  NewAndUsedCarSearchPage :67 - select location ' NSW - All ' <br>
2022-05-19 09:05:819 INFO  NewAndUsedCarSearchPage :72 - select price ' $150,000 ' <br>
2022-05-19 09:05:112 INFO  NewAndUsedCarSearchPage :77 -  clicking on find my next car tab 
2022-05-19 09:05:82 INFO  NewAndUsedCarSearchPage :83 -  get search text from product 90 Mercedes-Benz A-Class for Sale under $150,000 in NSW
2022-05-19 09:05:386 INFO  NewAndUsedCarSearchPage :83 -  get search text from product 90 Mercedes-Benz A-Class for Sale under $150,000 in NSW
2022-05-19 09:05:904 INFO  ManageDriver :30 - Launching Chrome Browser
2022-05-19 09:05:634 INFO  HomePage :37 - Hover mouse over Buy + Sell Tab[[ChromeDriver: chrome on WINDOWS (caf8223ef27ec2137623375deea679f8)] -> xpath: //a[contains(text(),'buy + sell')]]
2022-05-19 09:05:940 INFO  HomePage :42 - Click on the 'Search Cars' link [[ChromeDriver: chrome on WINDOWS (caf8223ef27ec2137623375deea679f8)] -> xpath: //a[contains(text(),'Search Cars')]]
2022-05-19 09:05:882 INFO  NewAndUsedCarSearchPage :52 -  get title text of New and used car search pageNew & Used Car Search - carsguide
2022-05-19 09:05:29 INFO  NewAndUsedCarSearchPage :57 - select make ' Ford ' <br>
2022-05-19 09:05:424 INFO  NewAndUsedCarSearchPage :62 -  select model ' Focus ' <br>
2022-05-19 09:05:878 INFO  NewAndUsedCarSearchPage :67 - select location ' NSW - New England ' <br>
2022-05-19 09:05:314 INFO  NewAndUsedCarSearchPage :72 - select price ' $70,000 ' <br>
2022-05-19 09:05:594 INFO  NewAndUsedCarSearchPage :77 -  clicking on find my next car tab 
2022-05-19 09:05:624 INFO  NewAndUsedCarSearchPage :83 -  get search text from product 24 Ford Focus for Sale under $70,000 in New England, NSW
2022-05-19 09:05:101 INFO  NewAndUsedCarSearchPage :83 -  get search text from product 24 Ford Focus for Sale under $70,000 in New England, NSW
2022-05-19 09:05:240 INFO  ManageDriver :30 - Launching Chrome Browser
2022-05-19 09:05:959 INFO  ManageDriver :30 - Launching Chrome Browser
2022-05-19 09:05:880 INFO  HomePage :37 - Hover mouse over Buy + Sell Tab[[ChromeDriver: chrome on WINDOWS (53308a6a8c92144baaf6861140f1d145)] -> xpath: //a[contains(text(),'buy + sell')]]
2022-05-19 09:05:249 INFO  HomePage :42 - Click on the 'Search Cars' link [[ChromeDriver: chrome on WINDOWS (53308a6a8c92144baaf6861140f1d145)] -> xpath: //a[contains(text(),'Search Cars')]]
2022-05-19 09:05:551 INFO  ManageDriver :30 - Launching Chrome Browser
2022-05-19 09:05:837 INFO  HomePage :37 - Hover mouse over Buy + Sell Tab[[ChromeDriver: chrome on WINDOWS (627cd48e05719d4d31d8a87024bb0560)] -> xpath: //a[contains(text(),'buy + sell')]]
2022-05-19 09:05:230 INFO  HomePage :47 - Click on the 'Used' link [[ChromeDriver: chrome on WINDOWS (627cd48e05719d4d31d8a87024bb0560)] -> xpath: //header/div[@id='u_H']/div[1]/div[1]/ul[1]/li[1]/div[1]/div[1]/div[1]/ul[1]/li[2]/a[1]]
2022-05-19 09:05:779 INFO  UsedCarsForSalePage :27 - get title text of used cars for sale page Used Cars For Sale
2022-05-19 09:05:812 INFO  NewAndUsedCarSearchPage :57 - select make ' Jeep ' <br>
2022-05-19 09:05:177 INFO  NewAndUsedCarSearchPage :62 -  select model ' Compass ' <br>
2022-05-19 09:05:918 INFO  NewAndUsedCarSearchPage :67 - select location ' NSW - New England ' <br>
2022-05-19 09:05:286 INFO  NewAndUsedCarSearchPage :72 - select price ' $80,000 ' <br>
2022-05-19 09:05:718 INFO  NewAndUsedCarSearchPage :77 -  clicking on find my next car tab 
2022-05-19 09:05:202 INFO  ManageDriver :30 - Launching Chrome Browser
